-- Found ament_cmake: 1.3.11 (/opt/ros/humble/share/ament_cmake/cmake)
-- Found rclcpp: 16.0.12 (/opt/ros/humble/share/rclcpp/cmake)
-- Found rosidl_generator_c: 3.1.6 (/opt/ros/humble/share/rosidl_generator_c/cmake)
-- Found rosidl_adapter: 3.1.6 (/opt/ros/humble/share/rosidl_adapter/cmake)
-- Found rosidl_generator_cpp: 3.1.6 (/opt/ros/humble/share/rosidl_generator_cpp/cmake)
-- Using all available rosidl_typesupport_c: rosidl_typesupport_fastrtps_c;rosidl_typesupport_introspection_c
-- Using all available rosidl_typesupport_cpp: rosidl_typesupport_fastrtps_cpp;rosidl_typesupport_introspection_cpp
-- Found rmw_implementation_cmake: 6.1.2 (/opt/ros/humble/share/rmw_implementation_cmake/cmake)
-- Found rmw_fastrtps_cpp: 6.2.7 (/opt/ros/humble/share/rmw_fastrtps_cpp/cmake)
-- Using RMW implementation 'rmw_fastrtps_cpp' as default
-- Found nav2_msgs: 1.1.18 (/opt/ros/humble/share/nav2_msgs/cmake)
-- Found tf2: 0.25.12 (/opt/ros/humble/share/tf2/cmake)
-- Found tf2_ros: 0.25.12 (/opt/ros/humble/share/tf2_ros/cmake)
-- Found tf2_geometry_msgs: 0.25.12 (/opt/ros/humble/share/tf2_geometry_msgs/cmake)
-- Found eigen3_cmake_module: 0.1.1 (/opt/ros/humble/share/eigen3_cmake_module/cmake)
-- Ensuring Eigen3 include directory is part of orocos-kdl CMake target
-- Configuring done
-- Generating done
-- Build files have been written to: /home/ayush/Documents/cafeBot_ws/build/cafe_bot
[35m[1mConsolidate compiler generated dependencies of target order[0m
[ 25%] [32mBuilding CXX object CMakeFiles/task.dir/src/task.cpp.o[0m
[ 50%] [32mBuilding CXX object CMakeFiles/order.dir/src/order.cpp.o[0m
gmake[2]: *** [CMakeFiles/order.dir/build.make:76: CMakeFiles/order.dir/src/order.cpp.o] Interrupt
gmake[2]: *** [CMakeFiles/task.dir/build.make:76: CMakeFiles/task.dir/src/task.cpp.o] Interrupt
gmake[1]: *** [CMakeFiles/Makefile2:165: CMakeFiles/task.dir/all] Interrupt
gmake[1]: *** [CMakeFiles/Makefile2:139: CMakeFiles/order.dir/all] Interrupt
gmake: *** [Makefile:146: all] Interrupt
