[0.012s] Invoking command in '/home/ayush/Documents/cafeBot_ws/build/cafe_bot': CMAKE_PREFIX_PATH=/opt/ros/humble /usr/bin/cmake --build /home/ayush/Documents/cafeBot_ws/build/cafe_bot -- -j12 -l12
[0.089s] -- Found ament_cmake: 1.3.11 (/opt/ros/humble/share/ament_cmake/cmake)
[0.226s] -- Found rclcpp: 16.0.12 (/opt/ros/humble/share/rclcpp/cmake)
[0.263s] -- Found rosidl_generator_c: 3.1.6 (/opt/ros/humble/share/rosidl_generator_c/cmake)
[0.266s] -- Found rosidl_adapter: 3.1.6 (/opt/ros/humble/share/rosidl_adapter/cmake)
[0.273s] -- Found rosidl_generator_cpp: 3.1.6 (/opt/ros/humble/share/rosidl_generator_cpp/cmake)
[0.284s] -- Using all available rosidl_typesupport_c: rosidl_typesupport_fastrtps_c;rosidl_typesupport_introspection_c
[0.296s] -- Using all available rosidl_typesupport_cpp: rosidl_typesupport_fastrtps_cpp;rosidl_typesupport_introspection_cpp
[0.342s] -- Found rmw_implementation_cmake: 6.1.2 (/opt/ros/humble/share/rmw_implementation_cmake/cmake)
[0.344s] -- Found rmw_fastrtps_cpp: 6.2.7 (/opt/ros/humble/share/rmw_fastrtps_cpp/cmake)
[0.430s] -- Using RMW implementation 'rmw_fastrtps_cpp' as default
[0.477s] -- Found nav2_msgs: 1.1.18 (/opt/ros/humble/share/nav2_msgs/cmake)
[0.544s] -- Found tf2: 0.25.12 (/opt/ros/humble/share/tf2/cmake)
[0.549s] -- Found tf2_ros: 0.25.12 (/opt/ros/humble/share/tf2_ros/cmake)
[0.602s] -- Found tf2_geometry_msgs: 0.25.12 (/opt/ros/humble/share/tf2_geometry_msgs/cmake)
[0.606s] -- Found eigen3_cmake_module: 0.1.1 (/opt/ros/humble/share/eigen3_cmake_module/cmake)
[0.608s] -- Ensuring Eigen3 include directory is part of orocos-kdl CMake target
[0.667s] -- Configuring done
[0.687s] -- Generating done
[0.691s] -- Build files have been written to: /home/ayush/Documents/cafeBot_ws/build/cafe_bot
[0.715s] [35m[1mConsolidate compiler generated dependencies of target order[0m
[0.722s] [ 25%] [32mBuilding CXX object CMakeFiles/task.dir/src/task.cpp.o[0m
[0.736s] [ 50%] [32mBuilding CXX object CMakeFiles/order.dir/src/order.cpp.o[0m
[20.503s] gmake[2]: *** [CMakeFiles/order.dir/build.make:76: CMakeFiles/order.dir/src/order.cpp.o] Interrupt
[20.506s] gmake[2]: *** [CMakeFiles/task.dir/build.make:76: CMakeFiles/task.dir/src/task.cpp.o] Interrupt
[20.506s] gmake[1]: *** [CMakeFiles/Makefile2:165: CMakeFiles/task.dir/all] Interrupt
[20.506s] gmake[1]: *** [CMakeFiles/Makefile2:139: CMakeFiles/order.dir/all] Interrupt
[20.506s] gmake: *** [Makefile:146: all] Interrupt
[20.506s] Invoked command in '/home/ayush/Documents/cafeBot_ws/build/cafe_bot' returned '-2': CMAKE_PREFIX_PATH=/opt/ros/humble /usr/bin/cmake --build /home/ayush/Documents/cafeBot_ws/build/cafe_bot -- -j12 -l12
